Change Component Designator: OldDesignator=C2 NewDesignator=C7
Change Component Designator: OldDesignator=C3 NewDesignator=C8
Change Component Designator: OldDesignator=C4 NewDesignator=C9
Change Component Designator: OldDesignator=C5 NewDesignator=C10
Change Component Designator: OldDesignator=C6 NewDesignator=C11
Change Component Designator: OldDesignator=C7 NewDesignator=C12
Change Component Designator: OldDesignator=C8 NewDesignator=C13
Change Component Designator: OldDesignator=C9 NewDesignator=C14
Change Component Designator: OldDesignator=C10 NewDesignator=C15
Change Component Designator: OldDesignator=C11 NewDesignator=C16
Change Component Designator: OldDesignator=C12 NewDesignator=C17
Change Component Designator: OldDesignator=C13 NewDesignator=C19
Change Component Designator: OldDesignator=C14 NewDesignator=C20
Change Component Designator: OldDesignator=C15 NewDesignator=C21
Change Component Designator: OldDesignator=C16 NewDesignator=C18
Change Component Designator: OldDesignator=C17 NewDesignator=C22
Change Component Designator: OldDesignator=C18 NewDesignator=C23
Change Component Designator: OldDesignator=C19 NewDesignator=C24
Change Component Designator: OldDesignator=C20 NewDesignator=C28
Change Component Designator: OldDesignator=C21 NewDesignator=C25
Change Component Designator: OldDesignator=C22 NewDesignator=C26
Change Component Designator: OldDesignator=C23 NewDesignator=C27
Change Component Designator: OldDesignator=C24 NewDesignator=C29
Change Component Designator: OldDesignator=C25 NewDesignator=C30
Change Component Designator: OldDesignator=C26 NewDesignator=C31
Change Component Designator: OldDesignator=C27 NewDesignator=C32
Change Component Designator: OldDesignator=C28 NewDesignator=C33
Change Component Designator: OldDesignator=C29 NewDesignator=C34
Change Component Designator: OldDesignator=C30 NewDesignator=C35
Change Component Designator: OldDesignator=DA1 NewDesignator=DA2
Change Component Designator: OldDesignator=DA2 NewDesignator=DA3
Change Component Designator: OldDesignator=DA3 NewDesignator=DA4
Change Component Designator: OldDesignator=DA4 NewDesignator=DA5
Change Component Designator: OldDesignator=R1 NewDesignator=R2
Change Component Designator: OldDesignator=R2 NewDesignator=R3
Change Component Designator: OldDesignator=R3 NewDesignator=R6
Change Component Designator: OldDesignator=R4 NewDesignator=R7
Change Component Designator: OldDesignator=R5 NewDesignator=R8
Change Component Designator: OldDesignator=R6 NewDesignator=R9
Change Component Designator: OldDesignator=R7 NewDesignator=R10
Change Component Designator: OldDesignator=R8 NewDesignator=R11
Change Component Designator: OldDesignator=R9 NewDesignator=R12
Change Component Designator: OldDesignator=R10 NewDesignator=R13
Change Component Designator: OldDesignator=R11 NewDesignator=R14
Change Component Designator: OldDesignator=R12 NewDesignator=R15
Change Component Designator: OldDesignator=R13 NewDesignator=R16
Change Component Designator: OldDesignator=R14 NewDesignator=R17
Change Component Designator: OldDesignator=R15 NewDesignator=R18
Change Component Designator: OldDesignator=R16 NewDesignator=R19
Change Component Designator: OldDesignator=R17 NewDesignator=R20
Change Component Designator: OldDesignator=R18 NewDesignator=R21
Change Component Designator: OldDesignator=R19 NewDesignator=R25
Change Component Designator: OldDesignator=R20 NewDesignator=R29
Change Component Designator: OldDesignator=R21 NewDesignator=R30
Change Component Designator: OldDesignator=R25 NewDesignator=R26
Change Component Designator: OldDesignator=R26 NewDesignator=R27
Change Component Designator: OldDesignator=R27 NewDesignator=R28
Change Component Designator: OldDesignator=R28 NewDesignator=R31
Change Component Designator: OldDesignator=R29 NewDesignator=R32
Change Component Designator: OldDesignator=VD15 NewDesignator=VD18
Change Component Designator: OldDesignator=VD16 NewDesignator=VD19
Change Component Designator: OldDesignator=VD17 NewDesignator=VD20
Change Component Designator: OldDesignator=VD18 NewDesignator=VD21
Change Component Designator: OldDesignator=VD19 NewDesignator=VD15
Change Component Designator: OldDesignator=VD20 NewDesignator=VD16
Change Component Designator: OldDesignator=VD21 NewDesignator=VD17
Change Component Designator: OldDesignator=XP? NewDesignator=XP2
Added Component: Designator=BM1(EM-9767)
Add component (AddParameter): Name = "Resistance"; Value = "2,2 кОм"; VariantName = "[No Variations]"
Add component (AddParameter): Name = "Voltage"; Value = "4,5 В"; VariantName = "[No Variations]"
Added Component: Designator=C2(CAPPM3216X180N)
Add component (AddParameter): Name = "Manufacturer"; Value = "VISHAY"; VariantName = "[No Variations]"
Add component (AddParameter): Name = "Rated voltage"; Value = "35 B"; VariantName = "[No Variations]"
Add component (AddParameter): Name = "Size"; Value = "3,2 X 1,6 X 1,6 mm"; VariantName = "[No Variations]"
Add component (AddParameter): Name = "Temperature range"; Value = "-55 ... 125 °C"; VariantName = "[No Variations]"
Add component (AddParameter): Name = "Tolerance"; Value = "10%"; VariantName = "[No Variations]"
Add component (AddParameter): Name = "Type"; Value = "Конденсатор танталовый"; VariantName = "[No Variations]"
Add component (AddParameter): Name = "Value"; Value = "0.1 мк"; VariantName = "[No Variations]"
Added Component: Designator=C3(C_0603_Auto_mount)
Add component (AddParameter): Name = "Manufacturer"; Value = "YAGEO"; VariantName = "[No Variations]"
Add component (AddParameter): Name = "Rated voltage"; Value = "25 В"; VariantName = "[No Variations]"
Add component (AddParameter): Name = "Size"; Value = "0603"; VariantName = "[No Variations]"
Add component (AddParameter): Name = "TC"; Value = "X5R"; VariantName = "[No Variations]"
Add component (AddParameter): Name = "Temperature coefficient"; Value = "±15 %"; VariantName = "[No Variations]"
Add component (AddParameter): Name = "Temperature range"; Value = "-55 ... 85 °C"; VariantName = "[No Variations]"
Add component (AddParameter): Name = "Tolerance"; Value = "10 %"; VariantName = "[No Variations]"
Add component (AddParameter): Name = "Type"; Value = "Конденсатор керамический"; VariantName = "[No Variations]"
Add component (AddParameter): Name = "Value"; Value = "0,47 мк"; VariantName = "[No Variations]"
Added Component: Designator=C4(C_0603_Auto_mount)
Add component (AddParameter): Name = "Manufacturer"; Value = "Murata Manufacturing"; VariantName = "[No Variations]"
Add component (AddParameter): Name = "Rated voltage"; Value = "10 В"; VariantName = "[No Variations]"
Add component (AddParameter): Name = "Size"; Value = "0603"; VariantName = "[No Variations]"
Add component (AddParameter): Name = "TC"; Value = "X5R"; VariantName = "[No Variations]"
Add component (AddParameter): Name = "Temperature coefficient"; Value = "±15 %"; VariantName = "[No Variations]"
Add component (AddParameter): Name = "Temperature range"; Value = "-55 ... 85 °C"; VariantName = "[No Variations]"
Add component (AddParameter): Name = "Tolerance"; Value = "0,1"; VariantName = "[No Variations]"
Add component (AddParameter): Name = "Type"; Value = "Конденсатор керамический"; VariantName = "[No Variations]"
Add component (AddParameter): Name = "Value"; Value = "2,2 мк"; VariantName = "[No Variations]"
Added Component: Designator=C5(C_0603_Auto_mount)
Add component (AddParameter): Name = "Manufacturer"; Value = "YAGEO"; VariantName = "[No Variations]"
Add component (AddParameter): Name = "Rated voltage"; Value = "25 В"; VariantName = "[No Variations]"
Add component (AddParameter): Name = "Size"; Value = "0603"; VariantName = "[No Variations]"
Add component (AddParameter): Name = "TC"; Value = "X5R"; VariantName = "[No Variations]"
Add component (AddParameter): Name = "Temperature coefficient"; Value = "±15 %"; VariantName = "[No Variations]"
Add component (AddParameter): Name = "Temperature range"; Value = "-55 ... 85 °C"; VariantName = "[No Variations]"
Add component (AddParameter): Name = "Tolerance"; Value = "10 %"; VariantName = "[No Variations]"
Add component (AddParameter): Name = "Type"; Value = "Конденсатор керамический"; VariantName = "[No Variations]"
Add component (AddParameter): Name = "Value"; Value = "0,47 мк"; VariantName = "[No Variations]"
Added Component: Designator=C6(C_0603_Manual_mount)
Add component (AddParameter): Name = "Manufacturer"; Value = "YAGEO"; VariantName = "[No Variations]"
Add component (AddParameter): Name = "Rated voltage"; Value = "50 В"; VariantName = "[No Variations]"
Add component (AddParameter): Name = "Size"; Value = "0603"; VariantName = "[No Variations]"
Add component (AddParameter): Name = "TC"; Value = "X7R"; VariantName = "[No Variations]"
Add component (AddParameter): Name = "Temperature coefficient"; Value = "±15 %"; VariantName = "[No Variations]"
Add component (AddParameter): Name = "Temperature range"; Value = "-55 ... 125 °C"; VariantName = "[No Variations]"
Add component (AddParameter): Name = "Tolerance"; Value = "10 %"; VariantName = "[No Variations]"
Add component (AddParameter): Name = "Type"; Value = "Конденсатор керамический"; VariantName = "[No Variations]"
Add component (AddParameter): Name = "Value"; Value = "0,1 мк"; VariantName = "[No Variations]"
Added Component: Designator=DA1(TDFN-14-EP)
Add component (AddParameter): Name = "Manufacturer"; Value = "Maxim"; VariantName = "[No Variations]"
Add component (AddParameter): Name = "Maximum Gain"; Value = "40 дБ"; VariantName = "[No Variations]"
Add component (AddParameter): Name = "Supply voltage"; Value = "2.7 В ... 5.5 В"; VariantName = "[No Variations]"
Add component (AddParameter): Name = "Temperature range"; Value = "-40 ... 150 °C"; VariantName = "[No Variations]"
Added Component: Designator=R1(R_0603_Manual_mount)
Add component (AddParameter): Name = "Manufacturer"; Value = "YAGEO"; VariantName = "[No Variations]"
Add component (AddParameter): Name = "Power dissitipation"; Value = "0,1 Вт"; VariantName = "[No Variations]"
Add component (AddParameter): Name = "Size"; Value = "0603"; VariantName = "[No Variations]"
Add component (AddParameter): Name = "Temperature coefficient"; Value = "±100 ppm/°C"; VariantName = "[No Variations]"
Add component (AddParameter): Name = "Temperature range"; Value = "-55 ... 155 °C"; VariantName = "[No Variations]"
Add component (AddParameter): Name = "Tolerance"; Value = "5 %"; VariantName = "[No Variations]"
Add component (AddParameter): Name = "Type"; Value = "Резистор постоянный"; VariantName = "[No Variations]"
Add component (AddParameter): Name = "Value"; Value = "2,2 к"; VariantName = "[No Variations]"
Added Component: Designator=R4(R_0603_Manual_mount)
Add component (AddParameter): Name = "Manufacturer"; Value = "YAGEO"; VariantName = "[No Variations]"
Add component (AddParameter): Name = "Power dissitipation"; Value = "0,1 Вт"; VariantName = "[No Variations]"
Add component (AddParameter): Name = "Size"; Value = "0603"; VariantName = "[No Variations]"
Add component (AddParameter): Name = "Temperature coefficient"; Value = "±100 ppm/°C"; VariantName = "[No Variations]"
Add component (AddParameter): Name = "Temperature range"; Value = "-55 ... 155 °C"; VariantName = "[No Variations]"
Add component (AddParameter): Name = "Tolerance"; Value = "5 %"; VariantName = "[No Variations]"
Add component (AddParameter): Name = "Type"; Value = "Резистор постоянный"; VariantName = "[No Variations]"
Add component (AddParameter): Name = "Value"; Value = "150 к"; VariantName = "[No Variations]"
Added Component: Designator=R5(R_0603_Auto_mount)
Add component (AddParameter): Name = "Manufacturer"; Value = "YAGEO"; VariantName = "[No Variations]"
Add component (AddParameter): Name = "Power dissitipation"; Value = "0,1 Вт"; VariantName = "[No Variations]"
Add component (AddParameter): Name = "Size"; Value = "0603"; VariantName = "[No Variations]"
Add component (AddParameter): Name = "Temperature coefficient"; Value = "±100 ppm/°C"; VariantName = "[No Variations]"
Add component (AddParameter): Name = "Temperature range"; Value = "-55 ... 155 °C"; VariantName = "[No Variations]"
Add component (AddParameter): Name = "Tolerance"; Value = "5 %"; VariantName = "[No Variations]"
Add component (AddParameter): Name = "Type"; Value = "Резистор постоянный"; VariantName = "[No Variations]"
Add component (AddParameter): Name = "Value"; Value = "100 к"; VariantName = "[No Variations]"
Added Pin To Net: NetName=GND Pin=BM1-2
Added Pin To Net: NetName=GND Pin=C3-2
Added Pin To Net: NetName=GND Pin=C4-2
Added Pin To Net: NetName=GND Pin=C5-2
Added Pin To Net: NetName=VCC3V3 Pin=C6-1
Added Pin To Net: NetName=GND Pin=C6-2
Added Pin To Net: NetName=VCC3V3 Pin=DA1-2
Added Pin To Net: NetName=VCC3V3 Pin=DA1-5
Added Pin To Net: NetName=GND Pin=DA1-7
Added Pin To Net: NetName=GND Pin=DA1-9
Added Pin To Net: NetName=VCC3V3 Pin=DA1-10
Added Pin To Net: NetName=GND Pin=R5-1
Change Net Name : Old Net Name=NetC4_1 New Net Name=NetC9_1
Change Net Name : Old Net Name=NetC5_1 New Net Name=NetC10_1
Change Net Name : Old Net Name=NetC8_1 New Net Name=NetC13_1
Change Net Name : Old Net Name=NetC16_1 New Net Name=NetC18_1
Change Net Name : Old Net Name=NetC24_1 New Net Name=NetC29_1
Change Net Name : Old Net Name=NetC25_1 New Net Name=NetC30_1
Change Net Name : Old Net Name=NetC27_1 New Net Name=NetC32_1
Change Net Name : Old Net Name=NetC28_1 New Net Name=NetC33_1
Change Net Name : Old Net Name=NetC29_2 New Net Name=NetC34_2
Change Net Name : Old Net Name=NetC30_2 New Net Name=NetC35_2
Change Net Name : Old Net Name=NetDA1_3 New Net Name=NetDA2_3
Change Net Name : Old Net Name=NetDA2_1 New Net Name=NetDA3_1
Change Net Name : Old Net Name=NetDA2_3 New Net Name=NetDA3_3
Change Net Name : Old Net Name=NetDA2_11 New Net Name=NetDA3_11
Change Net Name : Old Net Name=NetDA3_3 New Net Name=NetDA4_3
Change Net Name : Old Net Name=NetDA3_10 New Net Name=NetDA4_10
Change Net Name : Old Net Name=NetR7_2 New Net Name=NetR10_2
Change Net Name : Old Net Name=NetR8_1 New Net Name=NetR11_1
Change Net Name : Old Net Name=NetR9_2 New Net Name=NetR12_2
Change Net Name : Old Net Name=NetR10_2 New Net Name=NetR13_2
Change Net Name : Old Net Name=NetR11_1 New Net Name=NetR14_1
Added Pin To Net: NetName=MIC_ADC Pin=DA1-6
Added Net: Name=MIC_ADC
Added Pin To Net: NetName=NetB1_1 Pin=XP2-4
Added Net: Name=NetB1_1
Added Pin To Net: NetName=NetBM1_1 Pin=BM1-1
Added Pin To Net: NetName=NetBM1_1 Pin=C2-1
Added Pin To Net: NetName=NetBM1_1 Pin=R1-2
Added Net: Name=NetBM1_1
Added Pin To Net: NetName=NetC2_2 Pin=C2-2
Added Pin To Net: NetName=NetC2_2 Pin=DA1-8
Added Net: Name=NetC2_2
Added Pin To Net: NetName=NetC3_1 Pin=C3-1
Added Pin To Net: NetName=NetC3_1 Pin=DA1-1
Added Net: Name=NetC3_1
Added Pin To Net: NetName=NetC4_1 Pin=C4-1
Added Pin To Net: NetName=NetC4_1 Pin=DA1-3
Added Net: Name=NetC4_1
Added Pin To Net: NetName=NetC5_1 Pin=C5-1
Added Pin To Net: NetName=NetC5_1 Pin=DA1-12
Added Net: Name=NetC5_1
Added Pin To Net: NetName=NetDA1_13 Pin=DA1-13
Added Pin To Net: NetName=NetDA1_13 Pin=R1-1
Added Pin To Net: NetName=NetDA1_13 Pin=R4-1
Added Net: Name=NetDA1_13
Added Pin To Net: NetName=NetDA1_14 Pin=DA1-14
Added Pin To Net: NetName=NetDA1_14 Pin=R4-2
Added Pin To Net: NetName=NetDA1_14 Pin=R5-2
Added Net: Name=NetDA1_14
Added Member To Class: ClassName=DrumPad Member=Component BM1 EM-9767
Added Member To Class: ClassName=DrumPad Member=Component C31 GRM188R61C105KA93
Added Member To Class: ClassName=DrumPad Member=Component C32 T495D477K006ATE100
Added Member To Class: ClassName=DrumPad Member=Component C33 T495D477K006ATE100
Added Member To Class: ClassName=DrumPad Member=Component C34 CC0603KRX7R9BB104
Added Member To Class: ClassName=DrumPad Member=Component C35 CC0603KRX7R9BB104
Added Member To Class: ClassName=DrumPad Member=Component DA5 TDA2822M
Added Member To Class: ClassName=DrumPad Member=Component R30 RC0603JR-0710KL
Added Member To Class: ClassName=DrumPad Member=Component R31 RC0603FR-074R7L
Added Member To Class: ClassName=DrumPad Member=Component R32 RC0603FR-074R7L
