Change Net Color : Old Net Color=RGB(158, 161, 117) New Net Color=RGB(110, 255, 255)
Change Net Color : Old Net Color=RGB(158, 161, 117) New Net Color=RGB(110, 255, 255)
Added Member To Class: ClassName=DrumPad Member=Component C2 CC0603KRX7R9BB104
Added Member To Class: ClassName=DrumPad Member=Component C4 CC0603KRX7R9BB104
Added Member To Class: ClassName=DrumPad Member=Component C10 CC0603KRX7R9BB104
Added Member To Class: ClassName=DrumPad Member=Component C11 CC0603KRX7R9BB104
Added Member To Class: ClassName=DrumPad Member=Component C12 GRM1885C1H100JA01
Added Member To Class: ClassName=DrumPad Member=Component C13 CC0603KRX7R9BB104
Added Member To Class: ClassName=DrumPad Member=Component C14 CC0603KRX7R9BB104
Added Member To Class: ClassName=DrumPad Member=Component C18 CC1210KRX5R5BB476
Added Member To Class: ClassName=DrumPad Member=Component C20 CC0603KRX7R9BB104
Added Member To Class: ClassName=DrumPad Member=Component C21 CC0603KRX5R8BB474
Added Member To Class: ClassName=DrumPad Member=Component C23 GRM188R61A225KE34
Added Member To Class: ClassName=DrumPad Member=Component C26 CC0603KRX5R8BB474
Added Member To Class: ClassName=DrumPad Member=Component C28 CC0603KRX7R8BB103
Added Member To Class: ClassName=DrumPad Member=Component DA2 TPS630250
Added Member To Class: ClassName=DrumPad Member=Component DA3 MAX9814
Added Member To Class: ClassName=DrumPad Member=Component R1 RC0603FR-074K7L
Added Member To Class: ClassName=DrumPad Member=Component R3 RC0603FR-074K7L
Added Member To Class: ClassName=DrumPad Member=Component R4 RC0603FR-074K7L
Added Member To Class: ClassName=DrumPad Member=Component R5 RC0603JR-0710KL
Added Member To Class: ClassName=DrumPad Member=Component R7 RC0603JR-0710KL
Added Member To Class: ClassName=DrumPad Member=Component R8 RC0603FR-074K7L
Added Member To Class: ClassName=DrumPad Member=Component R22 RC0603FR-074K7L
Added Member To Class: ClassName=DrumPad Member=Component R23 RC0603JR-0710KL
Added Member To Class: ClassName=DrumPad Member=Component R24 RC0603JR-07150KL
Added Member To Class: ClassName=DrumPad Member=Component R25 RC0603JR-07100KL
Added Member To Class: ClassName=DrumPad Member=Component R26 RC0603JR-072K2L
Added Member To Class: ClassName=DrumPad Member=Component R27 RC0603JR-0710KL
Added Member To Class: ClassName=DrumPad Member=Component R29 RC0603JR-0710KL
Added Member To Class: ClassName=DrumPad Member=Component R30 RC0603JR-0710KL
Added Member To Class: ClassName=DrumPad Member=Component R31 RC0603JR-0710KL
Added Member To Class: ClassName=DrumPad Member=Component R32 RC0603JR-0710KL
Added Member To Class: ClassName=DrumPad Member=Component VD11 SP0503BAHTG
Added Member To Class: ClassName=DrumPad Member=Component VD12 BAS516
Added Member To Class: ClassName=DrumPad Member=Component VD14 BAS516
Added Member To Class: ClassName=DrumPad Member=Component VD15 BAS516
Added Member To Class: ClassName=DrumPad Member=Component VD16 BAS516
Added Member To Class: ClassName=DrumPad Member=Component VD17 BAS516
Added Member To Class: ClassName=DrumPad Member=Component VD19 BAS516
Added Member To Class: ClassName=DrumPad Member=Component VD20 BAS516
Added Member To Class: ClassName=DrumPad Member=Component VD23 BAS516
Added Member To Class: ClassName=DrumPad Member=Component VD24 BAS516
Added Member To Class: ClassName=DrumPad Member=Component VD25 BAS516
Added Member To Class: ClassName=DrumPad Member=Component VD26 BAS516
Added Member To Class: ClassName=DrumPad Member=Component VD27 BAS516
Added Member To Class: ClassName=DrumPad Member=Component VD28 BAS516
Added Member To Class: ClassName=DrumPad Member=Component VD29 BAS516
Added Member To Class: ClassName=DrumPad Member=Component VD31 BAS516
Added Member To Class: ClassName=DrumPad Member=Component VD32 BAS516
Added Member To Class: ClassName=DrumPad Member=Component VD33 BAS516
Added Member To Class: ClassName=DrumPad Member=Component VD34 BAS516
Added Member To Class: ClassName=DrumPad Member=Component VD36 BAS516
Added Member To Class: ClassName=DrumPad Member=Component VD37 BAS516
Added Member To Class: ClassName=DrumPad Member=Component XS1 DM3CS-SF
