Removed Pin From Net: NetName=ENC_B Pin=C26-1
Removed Pin From Net: NetName=GND Pin=C26-2
Removed Pin From Net: NetName=ENC_PUSHBUT Pin=C27-1
Removed Pin From Net: NetName=CHG Pin=R9-2
Removed Pin From Net: NetName=ENC_A Pin=R22-1
Removed Pin From Net: NetName=NetBR1_A1 Pin=R22-2
Removed Pin From Net: NetName=ENC_B Pin=R23-1
Removed Pin From Net: NetName=NetBR1_B1 Pin=R23-2
Removed Pin From Net: NetName=ENC_PUSHBUT Pin=R24-1
Removed Pin From Net: NetName=NetBR1_2 Pin=R24-2
Removed Pin From Net: NetName=VCC3V3 Pin=R26-1
Removed Pin From Net: NetName=NetBR1_A1 Pin=R26-2
Removed Pin From Net: NetName=VCC3V3 Pin=R27-1
Removed Pin From Net: NetName=NetBR1_B1 Pin=R27-2
Removed Pin From Net: NetName=VCC3V3 Pin=R28-1
Removed Pin From Net: NetName=NetBR1_2 Pin=R28-2
Removed Pin From Net: NetName=NetBR1_A1 Pin=VD15-A
Removed Pin From Net: NetName=ENC_A Pin=VD15-C
Removed Pin From Net: NetName=NetBR1_B1 Pin=VD16-A
Removed Pin From Net: NetName=ENC_B Pin=VD16-C
Removed Pin From Net: NetName=NetBR1_2 Pin=VD17-A
Removed Pin From Net: NetName=ENC_PUSHBUT Pin=VD17-C
Removed Pin From Net: NetName=SD_DET Pin=XS2-9
Change Component Footprint: Designator=R9 Old Footprint=R_0603_Auto_mount New Footprint=R_0603_Manual_mount
Change Component Comment : Designator=R9 Old Comment=RC0603JR-07100KL New Comment=RC0603FR-074K7L
Change Component Designator: OldDesignator=C1 NewDesignator=C2
Change Component Designator: OldDesignator=C2 NewDesignator=C24
Change Component Designator: OldDesignator=C3 NewDesignator=C26
Change Component Designator: OldDesignator=C4 NewDesignator=C23
Change Component Designator: OldDesignator=C5 NewDesignator=C21
Change Component Designator: OldDesignator=C6 NewDesignator=C20
Change Component Designator: OldDesignator=C7 NewDesignator=C1
Change Component Designator: OldDesignator=C8 NewDesignator=C3
Change Component Designator: OldDesignator=C9 NewDesignator=C4
Change Component Designator: OldDesignator=C10 NewDesignator=C5
Change Component Designator: OldDesignator=C11 NewDesignator=C6
Change Component Designator: OldDesignator=C12 NewDesignator=C8
Change Component Designator: OldDesignator=C13 NewDesignator=C9
Change Component Designator: OldDesignator=C14 NewDesignator=C10
Change Component Designator: OldDesignator=C15 NewDesignator=C11
Change Component Designator: OldDesignator=C16 NewDesignator=C12
Change Component Designator: OldDesignator=C17 NewDesignator=C13
Change Component Designator: OldDesignator=C18 NewDesignator=C7
Change Component Designator: OldDesignator=C19 NewDesignator=C14
Change Component Designator: OldDesignator=C20 NewDesignator=C15
Change Component Designator: OldDesignator=C21 NewDesignator=C16
Change Component Designator: OldDesignator=C22 NewDesignator=C17
Change Component Designator: OldDesignator=C23 NewDesignator=C19
Change Component Designator: OldDesignator=C24 NewDesignator=C18
Change Component Designator: OldDesignator=C28 NewDesignator=C22
Change Component Designator: OldDesignator=DA1 NewDesignator=DA3
Change Component Designator: OldDesignator=DA2 NewDesignator=DA1
Change Component Designator: OldDesignator=DA3 NewDesignator=DA2
Change Component Designator: OldDesignator=R1 NewDesignator=R26
Change Component Designator: OldDesignator=R2 NewDesignator=R1
Change Component Designator: OldDesignator=R3 NewDesignator=R2
Change Component Designator: OldDesignator=R4 NewDesignator=R24
Change Component Designator: OldDesignator=R5 NewDesignator=R25
Change Component Designator: OldDesignator=R6 NewDesignator=R3
Change Component Designator: OldDesignator=R7 NewDesignator=R4
Change Component Designator: OldDesignator=R8 NewDesignator=R6
Change Component Designator: OldDesignator=R25 NewDesignator=R22
Change Component Designator: OldDesignator=R29 NewDesignator=R23
Change Component Designator: OldDesignator=R30 NewDesignator=R27
Change Component Designator: OldDesignator=R31 NewDesignator=R34
Change Component Designator: OldDesignator=R32 NewDesignator=R35
Change Component Designator: OldDesignator=VD11 NewDesignator=VD12
Change Component Designator: OldDesignator=VD12 NewDesignator=VD13
Change Component Designator: OldDesignator=VD13 NewDesignator=VD14
Change Component Designator: OldDesignator=VD14 NewDesignator=VD15
Change Component Designator: OldDesignator=VD18 NewDesignator=VD16
Change Component Designator: OldDesignator=VD19 NewDesignator=VD17
Change Component Designator: OldDesignator=VD20 NewDesignator=VD18
Change Component Designator: OldDesignator=VD21 NewDesignator=VD19
Change Component Designator: OldDesignator=VD22 NewDesignator=VD20
Change Component Designator: OldDesignator=VD23 NewDesignator=VD21
Change Component Designator: OldDesignator=VD24 NewDesignator=VD22
Change Component Designator: OldDesignator=VD25 NewDesignator=VD23
Change Component Designator: OldDesignator=VD26 NewDesignator=VD27
Change Component Designator: OldDesignator=VD27 NewDesignator=VD28
Change Component Designator: OldDesignator=VD28 NewDesignator=VD29
Change Component Designator: OldDesignator=VD29 NewDesignator=VD30
Change Component Designator: OldDesignator=VD30 NewDesignator=VD31
Change Component Designator: OldDesignator=VD31 NewDesignator=VD32
Change Component Designator: OldDesignator=VD32 NewDesignator=VD33
Change Component Designator: OldDesignator=VD33 NewDesignator=VD34
Change Component Designator: OldDesignator=VD34 NewDesignator=VD35
Change Component Designator: OldDesignator=VD35 NewDesignator=VD36
Change Component Designator: OldDesignator=VD36 NewDesignator=VD37
Change Component Designator: OldDesignator=VD37 NewDesignator=VD38
Change Component Designator: OldDesignator=XS1 NewDesignator=XS2
Change Component Designator: OldDesignator=XS2 NewDesignator=XS1
Change component parameters: Designator = "R9" ("R9"); Footprint = "R_0603_Auto_mount"; UniqueID = "\TOZGNKXU" ("\TOZGNKXU")
Change component parameters (AddParameter): Name = "Manufacturer"; Value = "YAGEO"; VariantName = "[No Variations]"
Change component parameters (AddParameter): Name = "Part Number"; Value = "RC0603FR-074K7L"; VariantName = "[No Variations]"
Change component parameters (AddParameter): Name = "Power dissipation"; Value = "0,1 Вт"; VariantName = "[No Variations]"
Change component parameters (AddParameter): Name = "Size"; Value = "0603"; VariantName = "[No Variations]"
Change component parameters (AddParameter): Name = "Temperature coefficient"; Value = "±100 ppm/°C"; VariantName = "[No Variations]"
Change component parameters (AddParameter): Name = "Temperature range"; Value = "-55 ... 155 °C"; VariantName = "[No Variations]"
Change component parameters (AddParameter): Name = "Tolerance"; Value = "1 %"; VariantName = "[No Variations]"
Change component parameters (AddParameter): Name = "Type"; Value = "Резистор постоянный"; VariantName = "[No Variations]"
Change component parameters (AddParameter): Name = "Value"; Value = "4,7 к"; VariantName = "[No Variations]"
Added Component: Designator=C28(C_0603_Manual_mount)
Add component (AddParameter): Name = "Manufacturer"; Value = "YAGEO"; VariantName = "[No Variations]"
Add component (AddParameter): Name = "Rated voltage"; Value = "25 В"; VariantName = "[No Variations]"
Add component (AddParameter): Name = "Size"; Value = "0603"; VariantName = "[No Variations]"
Add component (AddParameter): Name = "TC"; Value = "X7R"; VariantName = "[No Variations]"
Add component (AddParameter): Name = "Temperature coefficient"; Value = "±15 %"; VariantName = "[No Variations]"
Add component (AddParameter): Name = "Temperature range"; Value = "-55 ... 125 °C"; VariantName = "[No Variations]"
Add component (AddParameter): Name = "Tolerance"; Value = "10 %"; VariantName = "[No Variations]"
Add component (AddParameter): Name = "Type"; Value = "Конденсатор керамический"; VariantName = "[No Variations]"
Add component (AddParameter): Name = "Value"; Value = "0,01 мк"; VariantName = "[No Variations]"
Added Component: Designator=R5(R_0603_Manual_mount)
Add component (AddParameter): Name = "Manufacturer"; Value = "YAGEO"; VariantName = "[No Variations]"
Add component (AddParameter): Name = "Power dissitipation"; Value = "0,1 Вт"; VariantName = "[No Variations]"
Add component (AddParameter): Name = "Size"; Value = "0603"; VariantName = "[No Variations]"
Add component (AddParameter): Name = "Temperature coefficient"; Value = "±100 ppm/°C"; VariantName = "[No Variations]"
Add component (AddParameter): Name = "Temperature range"; Value = "-55 ... 155 °C"; VariantName = "[No Variations]"
Add component (AddParameter): Name = "Tolerance"; Value = "5 %"; VariantName = "[No Variations]"
Add component (AddParameter): Name = "Type"; Value = "Резистор постоянный"; VariantName = "[No Variations]"
Add component (AddParameter): Name = "Value"; Value = "10 к"; VariantName = "[No Variations]"
Added Component: Designator=R7(R_0603_Manual_mount)
Add component (AddParameter): Name = "Manufacturer"; Value = "YAGEO"; VariantName = "[No Variations]"
Add component (AddParameter): Name = "Power dissitipation"; Value = "0,1 Вт"; VariantName = "[No Variations]"
Add component (AddParameter): Name = "Size"; Value = "0603"; VariantName = "[No Variations]"
Add component (AddParameter): Name = "Temperature coefficient"; Value = "±100 ppm/°C"; VariantName = "[No Variations]"
Add component (AddParameter): Name = "Temperature range"; Value = "-55 ... 155 °C"; VariantName = "[No Variations]"
Add component (AddParameter): Name = "Tolerance"; Value = "5 %"; VariantName = "[No Variations]"
Add component (AddParameter): Name = "Type"; Value = "Резистор постоянный"; VariantName = "[No Variations]"
Add component (AddParameter): Name = "Value"; Value = "10 к"; VariantName = "[No Variations]"
Added Component: Designator=R8(R_0603_Manual_mount)
Add component (AddParameter): Name = "Manufacturer"; Value = "YAGEO"; VariantName = "[No Variations]"
Add component (AddParameter): Name = "Part Number"; Value = "RC0603FR-074K7L"; VariantName = "[No Variations]"
Add component (AddParameter): Name = "Power dissipation"; Value = "0,1 Вт"; VariantName = "[No Variations]"
Add component (AddParameter): Name = "Size"; Value = "0603"; VariantName = "[No Variations]"
Add component (AddParameter): Name = "Temperature coefficient"; Value = "±100 ppm/°C"; VariantName = "[No Variations]"
Add component (AddParameter): Name = "Temperature range"; Value = "-55 ... 155 °C"; VariantName = "[No Variations]"
Add component (AddParameter): Name = "Tolerance"; Value = "1 %"; VariantName = "[No Variations]"
Add component (AddParameter): Name = "Type"; Value = "Резистор постоянный"; VariantName = "[No Variations]"
Add component (AddParameter): Name = "Value"; Value = "4,7 к"; VariantName = "[No Variations]"
Added Component: Designator=R29(R_0603_Manual_mount)
Add component (AddParameter): Name = "Manufacturer"; Value = "YAGEO"; VariantName = "[No Variations]"
Add component (AddParameter): Name = "Power dissitipation"; Value = "0,1 Вт"; VariantName = "[No Variations]"
Add component (AddParameter): Name = "Size"; Value = "0603"; VariantName = "[No Variations]"
Add component (AddParameter): Name = "Temperature coefficient"; Value = "±100 ppm/°C"; VariantName = "[No Variations]"
Add component (AddParameter): Name = "Temperature range"; Value = "-55 ... 155 °C"; VariantName = "[No Variations]"
Add component (AddParameter): Name = "Tolerance"; Value = "5 %"; VariantName = "[No Variations]"
Add component (AddParameter): Name = "Type"; Value = "Резистор постоянный"; VariantName = "[No Variations]"
Add component (AddParameter): Name = "Value"; Value = "10 к"; VariantName = "[No Variations]"
Added Component: Designator=R30(R_0603_Manual_mount)
Add component (AddParameter): Name = "Manufacturer"; Value = "YAGEO"; VariantName = "[No Variations]"
Add component (AddParameter): Name = "Power dissitipation"; Value = "0,1 Вт"; VariantName = "[No Variations]"
Add component (AddParameter): Name = "Size"; Value = "0603"; VariantName = "[No Variations]"
Add component (AddParameter): Name = "Temperature coefficient"; Value = "±100 ppm/°C"; VariantName = "[No Variations]"
Add component (AddParameter): Name = "Temperature range"; Value = "-55 ... 155 °C"; VariantName = "[No Variations]"
Add component (AddParameter): Name = "Tolerance"; Value = "5 %"; VariantName = "[No Variations]"
Add component (AddParameter): Name = "Type"; Value = "Резистор постоянный"; VariantName = "[No Variations]"
Add component (AddParameter): Name = "Value"; Value = "10 к"; VariantName = "[No Variations]"
Added Component: Designator=R31(R_0603_Manual_mount)
Add component (AddParameter): Name = "Manufacturer"; Value = "YAGEO"; VariantName = "[No Variations]"
Add component (AddParameter): Name = "Power dissitipation"; Value = "0,1 Вт"; VariantName = "[No Variations]"
Add component (AddParameter): Name = "Size"; Value = "0603"; VariantName = "[No Variations]"
Add component (AddParameter): Name = "Temperature coefficient"; Value = "±100 ppm/°C"; VariantName = "[No Variations]"
Add component (AddParameter): Name = "Temperature range"; Value = "-55 ... 155 °C"; VariantName = "[No Variations]"
Add component (AddParameter): Name = "Tolerance"; Value = "5 %"; VariantName = "[No Variations]"
Add component (AddParameter): Name = "Type"; Value = "Резистор постоянный"; VariantName = "[No Variations]"
Add component (AddParameter): Name = "Value"; Value = "10 к"; VariantName = "[No Variations]"
Added Component: Designator=R32(R_0603_Manual_mount)
Add component (AddParameter): Name = "Manufacturer"; Value = "YAGEO"; VariantName = "[No Variations]"
Add component (AddParameter): Name = "Power dissitipation"; Value = "0,1 Вт"; VariantName = "[No Variations]"
Add component (AddParameter): Name = "Size"; Value = "0603"; VariantName = "[No Variations]"
Add component (AddParameter): Name = "Temperature coefficient"; Value = "±100 ppm/°C"; VariantName = "[No Variations]"
Add component (AddParameter): Name = "Temperature range"; Value = "-55 ... 155 °C"; VariantName = "[No Variations]"
Add component (AddParameter): Name = "Tolerance"; Value = "5 %"; VariantName = "[No Variations]"
Add component (AddParameter): Name = "Type"; Value = "Резистор постоянный"; VariantName = "[No Variations]"
Add component (AddParameter): Name = "Value"; Value = "10 к"; VariantName = "[No Variations]"
Added Component: Designator=R33(R_0603_Manual_mount)
Add component (AddParameter): Name = "Manufacturer"; Value = "YAGEO"; VariantName = "[No Variations]"
Add component (AddParameter): Name = "Power dissitipation"; Value = "0,1 Вт"; VariantName = "[No Variations]"
Add component (AddParameter): Name = "Size"; Value = "0603"; VariantName = "[No Variations]"
Add component (AddParameter): Name = "Temperature coefficient"; Value = "±100 ppm/°C"; VariantName = "[No Variations]"
Add component (AddParameter): Name = "Temperature range"; Value = "-55 ... 155 °C"; VariantName = "[No Variations]"
Add component (AddParameter): Name = "Tolerance"; Value = "5 %"; VariantName = "[No Variations]"
Add component (AddParameter): Name = "Type"; Value = "Резистор постоянный"; VariantName = "[No Variations]"
Add component (AddParameter): Name = "Value"; Value = "10 к"; VariantName = "[No Variations]"
Added Component: Designator=VD11(SOT-143-4)
Add component (AddParameter): Name = "Clamp voltage duting ESD"; Value = "12 В"; VariantName = "[No Variations]"
Add component (AddParameter): Name = "ESD protect voltage"; Value = "30 кВ"; VariantName = "[No Variations]"
Add component (AddParameter): Name = "Input capacitance"; Value = "30 пФ"; VariantName = "[No Variations]"
Add component (AddParameter): Name = "Manufacturer"; Value = "Littelfuse"; VariantName = "[No Variations]"
Add component (AddParameter): Name = "Signal clamp voltage"; Value = "7,8 В"; VariantName = "[No Variations]"
Add component (AddParameter): Name = "Temperature range"; Value = "-40 ... 85 °C"; VariantName = "[No Variations]"
Add component (AddParameter): Name = "Type"; Value = "Защитный диод"; VariantName = "[No Variations]"
Added Component: Designator=VD24(SOD-523)
Add component (AddParameter): Name = "Forward voltage"; Value = "1 В"; VariantName = "[No Variations]"
Add component (AddParameter): Name = "Manufacturer"; Value = "NXP"; VariantName = "[No Variations]"
Add component (AddParameter): Name = "Max forward average current"; Value = "250 мА"; VariantName = "[No Variations]"
Add component (AddParameter): Name = "Max non-repetitive peak forward current"; Value = "1 А"; VariantName = "[No Variations]"
Add component (AddParameter): Name = "Max repetitive peak forward current"; Value = "500 мА"; VariantName = "[No Variations]"
Add component (AddParameter): Name = "Max reverse voltage"; Value = "100 В"; VariantName = "[No Variations]"
Add component (AddParameter): Name = "Power dissitipation"; Value = "500 мВт"; VariantName = "[No Variations]"
Add component (AddParameter): Name = "Reverse recovery time"; Value = "4 нс"; VariantName = "[No Variations]"
Add component (AddParameter): Name = "Temperature range"; Value = "-65 ... 150 °C"; VariantName = "[No Variations]"
Add component (AddParameter): Name = "Type"; Value = "Диод импульсный"; VariantName = "[No Variations]"
Added Component: Designator=VD25(SOD-523)
Add component (AddParameter): Name = "Forward voltage"; Value = "1 В"; VariantName = "[No Variations]"
Add component (AddParameter): Name = "Manufacturer"; Value = "NXP"; VariantName = "[No Variations]"
Add component (AddParameter): Name = "Max forward average current"; Value = "250 мА"; VariantName = "[No Variations]"
Add component (AddParameter): Name = "Max non-repetitive peak forward current"; Value = "1 А"; VariantName = "[No Variations]"
Add component (AddParameter): Name = "Max repetitive peak forward current"; Value = "500 мА"; VariantName = "[No Variations]"
Add component (AddParameter): Name = "Max reverse voltage"; Value = "100 В"; VariantName = "[No Variations]"
Add component (AddParameter): Name = "Power dissitipation"; Value = "500 мВт"; VariantName = "[No Variations]"
Add component (AddParameter): Name = "Reverse recovery time"; Value = "4 нс"; VariantName = "[No Variations]"
Add component (AddParameter): Name = "Temperature range"; Value = "-65 ... 150 °C"; VariantName = "[No Variations]"
Add component (AddParameter): Name = "Type"; Value = "Диод импульсный"; VariantName = "[No Variations]"
Added Component: Designator=VD26(SOD-523)
Add component (AddParameter): Name = "Forward voltage"; Value = "1 В"; VariantName = "[No Variations]"
Add component (AddParameter): Name = "Manufacturer"; Value = "NXP"; VariantName = "[No Variations]"
Add component (AddParameter): Name = "Max forward average current"; Value = "250 мА"; VariantName = "[No Variations]"
Add component (AddParameter): Name = "Max non-repetitive peak forward current"; Value = "1 А"; VariantName = "[No Variations]"
Add component (AddParameter): Name = "Max repetitive peak forward current"; Value = "500 мА"; VariantName = "[No Variations]"
Add component (AddParameter): Name = "Max reverse voltage"; Value = "100 В"; VariantName = "[No Variations]"
Add component (AddParameter): Name = "Power dissitipation"; Value = "500 мВт"; VariantName = "[No Variations]"
Add component (AddParameter): Name = "Reverse recovery time"; Value = "4 нс"; VariantName = "[No Variations]"
Add component (AddParameter): Name = "Temperature range"; Value = "-65 ... 150 °C"; VariantName = "[No Variations]"
Add component (AddParameter): Name = "Type"; Value = "Диод импульсный"; VariantName = "[No Variations]"
Added Component: Designator=XS3(MOLEX_1054500101)
Add component (AddParameter): Name = "Connector type"; Value = "Type-C"; VariantName = "[No Variations]"
Add component (AddParameter): Name = "Number of contacts"; Value = "24"; VariantName = "[No Variations]"
Add component (AddParameter): Name = "Type"; Value = "Разъем"; VariantName = "[No Variations]"
Added Pin To Net: NetName=ENC_B Pin=C27-1
Added Pin To Net: NetName=ENC_PUSHBUT Pin=C28-1
Added Pin To Net: NetName=GND Pin=C28-2
Added Pin To Net: NetName=CHG Pin=DD1-3
Added Pin To Net: NetName=PWR_ON Pin=DD1-4
Added Pin To Net: NetName=MIC_ADC Pin=DD1-23
Added Pin To Net: NetName=AUDIO_R Pin=DD1-29
Added Pin To Net: NetName=AUDIO_L Pin=DD1-30
Added Pin To Net: NetName=L_C8 Pin=DD1-38
Added Pin To Net: NetName=L_C7 Pin=DD1-39
Added Pin To Net: NetName=ENC_A Pin=DD1-40
Added Pin To Net: NetName=ENC_PUSHBUT Pin=DD1-41
Added Pin To Net: NetName=ENC_B Pin=DD1-42
Added Pin To Net: NetName=L_C6 Pin=DD1-43
Added Pin To Net: NetName=L_C5 Pin=DD1-44
Added Pin To Net: NetName=L_C4 Pin=DD1-45
Added Pin To Net: NetName=L_C3 Pin=DD1-46
Added Pin To Net: NetName=L_C2 Pin=DD1-47
Added Pin To Net: NetName=L_C1 Pin=DD1-48
Added Pin To Net: NetName=B_R4 Pin=DD1-52
Added Pin To Net: NetName=B_R3 Pin=DD1-53
Added Pin To Net: NetName=B_R2 Pin=DD1-54
Added Pin To Net: NetName=B_R1 Pin=DD1-55
Added Pin To Net: NetName=B_C8 Pin=DD1-56
Added Pin To Net: NetName=B_C7 Pin=DD1-57
Added Pin To Net: NetName=B_C6 Pin=DD1-58
Added Pin To Net: NetName=B_C5 Pin=DD1-59
Added Pin To Net: NetName=B_C4 Pin=DD1-60
Added Pin To Net: NetName=B_C3 Pin=DD1-61
Added Pin To Net: NetName=B_C2 Pin=DD1-62
Added Pin To Net: NetName=B_C1 Pin=DD1-63
Added Pin To Net: NetName=SDIO_D0 Pin=DD1-65
Added Pin To Net: NetName=SDIO_D1 Pin=DD1-66
Added Pin To Net: NetName=SDIO_D2 Pin=DD1-78
Added Pin To Net: NetName=SDIO_D3 Pin=DD1-79
Added Pin To Net: NetName=SDIO_CLK Pin=DD1-80
Added Pin To Net: NetName=SDIO_CMD Pin=DD1-83
Added Pin To Net: NetName=SD_DET Pin=DD1-84
Added Pin To Net: NetName=I2C_SCL Pin=DD1-92
Added Pin To Net: NetName=I2C_SDA Pin=DD1-93
Added Pin To Net: NetName=SD_DET Pin=R5-1
Added Pin To Net: NetName=CHG Pin=R7-1
Added Pin To Net: NetName=BAT+ Pin=R8-2
Added Pin To Net: NetName=GND Pin=R9-1
Added Pin To Net: NetName=ENC_A Pin=R28-1
Added Pin To Net: NetName=NetBR1_A1 Pin=R28-2
Added Pin To Net: NetName=ENC_B Pin=R29-1
Added Pin To Net: NetName=NetBR1_B1 Pin=R29-2
Added Pin To Net: NetName=ENC_PUSHBUT Pin=R30-1
Added Pin To Net: NetName=NetBR1_2 Pin=R30-2
Added Pin To Net: NetName=VCC3V3 Pin=R31-1
Added Pin To Net: NetName=NetBR1_A1 Pin=R31-2
Added Pin To Net: NetName=VCC3V3 Pin=R32-1
Added Pin To Net: NetName=NetBR1_B1 Pin=R32-2
Added Pin To Net: NetName=VCC3V3 Pin=R33-1
Added Pin To Net: NetName=NetBR1_2 Pin=R33-2
Added Pin To Net: NetName=GND Pin=VD11-1
Added Pin To Net: NetName=VCC5V Pin=VD11-2
Added Pin To Net: NetName=NetBR1_A1 Pin=VD24-A
Added Pin To Net: NetName=ENC_A Pin=VD24-C
Added Pin To Net: NetName=NetBR1_B1 Pin=VD25-A
Added Pin To Net: NetName=ENC_B Pin=VD25-C
Added Pin To Net: NetName=NetBR1_2 Pin=VD26-A
Added Pin To Net: NetName=ENC_PUSHBUT Pin=VD26-C
Added Pin To Net: NetName=GND Pin=XS3-A1
Added Pin To Net: NetName=VCC5V Pin=XS3-A5
Added Pin To Net: NetName=GND Pin=XS3-A12
Added Pin To Net: NetName=GND Pin=XS3-B1
Added Pin To Net: NetName=VCC5V Pin=XS3-B5
Added Pin To Net: NetName=GND Pin=XS3-B12
Added Pin To Net: NetName=GND Pin=XS3-SHIELD
Added Pin To Net: NetName=GND Pin=XS3-SHIELD
Added Pin To Net: NetName=GND Pin=XS3-SHIELD
Added Pin To Net: NetName=GND Pin=XS3-SHIELD
Change Net Name : Old Net Name=L_R1 New Net Name=L_RR1
Change Net Name : Old Net Name=L_R2 New Net Name=L_RR2
Change Net Name : Old Net Name=L_R3 New Net Name=L_RR3
Change Net Name : Old Net Name=L_R4 New Net Name=L_RR4
Change Net Name : Old Net Name=NetC2_2 New Net Name=NetC24_2
Change Net Name : Old Net Name=NetC3_1 New Net Name=NetC26_1
Change Net Name : Old Net Name=NetC4_1 New Net Name=NetC23_1
Change Net Name : Old Net Name=NetC5_1 New Net Name=NetC21_1
Change Net Name : Old Net Name=NetC9_1 New Net Name=NetC4_1
Change Net Name : Old Net Name=NetC10_1 New Net Name=NetC5_1
Change Net Name : Old Net Name=NetC13_1 New Net Name=NetC9_1
Change Net Name : Old Net Name=NetC18_1 New Net Name=NetC7_1
Change Net Name : Old Net Name=NetDA1_13 New Net Name=NetDA3_13
Change Net Name : Old Net Name=NetDA1_14 New Net Name=NetDA3_14
Change Net Name : Old Net Name=NetDA3_1 New Net Name=NetDA2_1
Change Net Name : Old Net Name=NetDA3_3 New Net Name=NetDA2_3
Change Net Name : Old Net Name=NetDA3_11 New Net Name=NetDA2_11
Added Pin To Net: NetName=BAT_V Pin=DD1-24
Added Pin To Net: NetName=BAT_V Pin=R8-1
Added Pin To Net: NetName=BAT_V Pin=R9-2
Added Net: Name=BAT_V
Added Pin To Net: NetName=L_R1 Pin=DD1-37
Added Pin To Net: NetName=L_R1 Pin=R15-1
Added Net: Name=L_R1
Added Pin To Net: NetName=L_R2 Pin=DD1-36
Added Pin To Net: NetName=L_R2 Pin=R16-1
Added Net: Name=L_R2
Added Pin To Net: NetName=L_R3 Pin=DD1-35
Added Pin To Net: NetName=L_R3 Pin=R17-1
Added Net: Name=L_R3
Added Pin To Net: NetName=L_R4 Pin=DD1-34
Added Pin To Net: NetName=L_R4 Pin=R18-1
Added Net: Name=L_R4
Added Pin To Net: NetName=NetDA1_3 Pin=DA1-3
Added Pin To Net: NetName=NetDA1_3 Pin=R7-2
Added Net: Name=NetDA1_3
Added Pin To Net: NetName=NetR5_2 Pin=R5-2
Added Pin To Net: NetName=NetR5_2 Pin=XS1-9
Added Net: Name=NetR5_2
Added Pin To Net: NetName=USB_N Pin=DD1-70
Added Pin To Net: NetName=USB_N Pin=VD11-4
Added Pin To Net: NetName=USB_N Pin=XS3-A7
Added Pin To Net: NetName=USB_N Pin=XS3-B7
Added Net: Name=USB_N
Added Pin To Net: NetName=USB_P Pin=DD1-71
Added Pin To Net: NetName=USB_P Pin=VD11-3
Added Pin To Net: NetName=USB_P Pin=XS3-A6
Added Pin To Net: NetName=USB_P Pin=XS3-B6
Added Net: Name=USB_P
Added Class: Name=DIFF
Added Differential Pair: Name=USB
Added Member To Class: ClassName=DrumPad Member=Component C2 CC0603KRX7R9BB104
Added Member To Class: ClassName=DrumPad Member=Component C4 CC0603KRX7R9BB104
Added Member To Class: ClassName=DrumPad Member=Component C5 GRM188R61E225KA12
Added Member To Class: ClassName=DrumPad Member=Component C6 GRM188R61C105KA93
Added Member To Class: ClassName=DrumPad Member=Component C7 GRM32ER61H106MA12
Added Member To Class: ClassName=DrumPad Member=Component C8 GRM1885C1H100JA01
Added Member To Class: ClassName=DrumPad Member=Component C9 GRM188R61E225KA12
Added Member To Class: ClassName=DrumPad Member=Component C10 CC0603KRX7R9BB104
Added Member To Class: ClassName=DrumPad Member=Component C14 CC0603KRX7R9BB104
Added Member To Class: ClassName=DrumPad Member=Component C16 CC0603KRX7R9BB104
Added Member To Class: ClassName=DrumPad Member=Component C17 CC0603KRX7R9BB104
Added Member To Class: ClassName=DrumPad Member=Component C18 CC1210KRX5R5BB476
Added Member To Class: ClassName=DrumPad Member=Component C20 CC0603KRX7R9BB104
Added Member To Class: ClassName=DrumPad Member=Component C21 CC0603KRX5R8BB474
Added Member To Class: ClassName=DrumPad Member=Component C22 CC0603KRX7R9BB104
Added Member To Class: ClassName=DrumPad Member=Component C23 GRM188R61A225KE34
Added Member To Class: ClassName=DrumPad Member=Component C24 293D104X9035A2TE3
Added Member To Class: ClassName=DrumPad Member=Component C26 CC0603KRX5R8BB474
Added Member To Class: ClassName=DrumPad Member=Component C27 CC0603KRX7R8BB103
Added Member To Class: ClassName=DrumPad Member=Component C28 CC0603KRX7R8BB103
Added Member To Class: ClassName=DrumPad Member=Component C30 TR3C107K010C0100
Added Member To Class: ClassName=DrumPad Member=Component DA2 TPS630250
Added Member To Class: ClassName=DrumPad Member=Component DA3 MAX9814
Added Member To Class: ClassName=DrumPad Member=Component DA4 AD5243BRMZ10
Added Member To Class: ClassName=DrumPad Member=Component R2 RC0603FR-074K7L
Added Member To Class: ClassName=DrumPad Member=Component R4 RC0603FR-074K7L
Added Member To Class: ClassName=DrumPad Member=Component R5 RC0603JR-0710KL
Added Member To Class: ClassName=DrumPad Member=Component R6 RC0603FR-074K7L
Added Member To Class: ClassName=DrumPad Member=Component R7 RC0603JR-0710KL
Added Member To Class: ClassName=DrumPad Member=Component R8 RC0603FR-074K7L
Added Member To Class: ClassName=DrumPad Member=Component R9 RC0603FR-074K7L
Added Member To Class: ClassName=DrumPad Member=Component R10 RC0603JR-07100KL
Added Member To Class: ClassName=DrumPad Member=Component R11 RC0603JR-0710KL
Added Member To Class: ClassName=DrumPad Member=Component R12 RC0603JR-07100KL
Added Member To Class: ClassName=DrumPad Member=Component R14 RC0603JR-07100KL
Added Member To Class: ClassName=DrumPad Member=Component R15 RC0603JR-07330RL
Added Member To Class: ClassName=DrumPad Member=Component R16 RC0603JR-07330RL
Added Member To Class: ClassName=DrumPad Member=Component R17 RC0603JR-07330RL
Added Member To Class: ClassName=DrumPad Member=Component R19 RC0603JR-07560KL
Added Member To Class: ClassName=DrumPad Member=Component R21 RC0603FR-074K7L
Added Member To Class: ClassName=DrumPad Member=Component R26 RC0603JR-072K2L
Added Member To Class: ClassName=DrumPad Member=Component R28 RC0603JR-0710KL
Added Member To Class: ClassName=DrumPad Member=Component R29 RC0603JR-0710KL
Added Member To Class: ClassName=DrumPad Member=Component R33 RC0603JR-0710KL
Added Member To Class: ClassName=DrumPad Member=Component R34 RC0603FR-074R7L
Added Member To Class: ClassName=DrumPad Member=Component R35 RC0603FR-074R7L
Added Member To Class: ClassName=DrumPad Member=Component VD15 BAS516
Added Member To Class: ClassName=DrumPad Member=Component VD18 BAS516
Added Member To Class: ClassName=DrumPad Member=Component VD24 BAS516
Added Member To Class: ClassName=DrumPad Member=Component VD25 BAS516
Added Member To Class: ClassName=DrumPad Member=Component VD38 BAS516
Added Member To Class: ClassName=DrumPad Member=Component XS3 1054500101
