Added Member To Class: ClassName=DrumPad Member=Component C29 CC0603KRX7R9BB104
Added Member To Class: ClassName=DrumPad Member=Component C29 CC0603KRX7R9BB104
Added Member To Class: ClassName=DrumPad Member=Component C46 CC0603KRX7R9BB104
Added Member To Class: ClassName=DrumPad Member=Component C48 CC0603KRX7R9BB104
Added Member To Class: ClassName=DrumPad Member=Component C? CC0603KRX7R8BB103
Added Member To Class: ClassName=DrumPad Member=Component C? CC0603KRX7R8BB103
Added Member To Class: ClassName=DrumPad Member=Component C? CC1210KRX5R5BB476
Added Member To Class: ClassName=DrumPad Member=Component DA? MAX1555EZK
Added Member To Class: ClassName=DrumPad Member=Component R3 RC0402JR-0710KL
Added Member To Class: ClassName=DrumPad Member=Component R3 RC0402JR-0710KL
Added Member To Class: ClassName=DrumPad Member=Component R3 RC0402JR-0710KL
Added Member To Class: ClassName=DrumPad Member=Component R3 RC0402JR-0710KL
Added Member To Class: ClassName=DrumPad Member=Component R3 RC0402JR-0710KL
Added Member To Class: ClassName=DrumPad Member=Component R5 RC0603JR-07330RL
Added Member To Class: ClassName=DrumPad Member=Component R5 RC0603JR-07330RL
Added Member To Class: ClassName=DrumPad Member=Component R5 RC0603JR-07330RL
Added Member To Class: ClassName=DrumPad Member=Component R5 RC0603JR-07330RL
Added Member To Class: ClassName=DrumPad Member=Component R43 RC0603FR-074K7L
Added Member To Class: ClassName=DrumPad Member=Component R43 RC0603FR-074K7L
Added Member To Class: ClassName=DrumPad Member=Component R43 RC0603FR-074K7L
Added Member To Class: ClassName=DrumPad Member=Component R43 RC0603FR-074K7L
Added Member To Class: ClassName=DrumPad Member=Component R? RC0603JR-07100KL
Added Member To Class: ClassName=DrumPad Member=Component R? RC0603JR-07100KL
Added Member To Class: ClassName=DrumPad Member=Component R? RC0603JR-07100KL
Added Member To Class: ClassName=DrumPad Member=Component R? RC0603JR-07560KL
Added Member To Class: ClassName=DrumPad Member=Component R? RC0603FR-07180KL
Added Member To Class: ClassName=DrumPad Member=Component R? RC0603JR-0710KL
Added Member To Class: ClassName=DrumPad Member=Component SB? Led_button
Added Member To Class: ClassName=DrumPad Member=Component SB? Led_button
Added Member To Class: ClassName=DrumPad Member=Component SB? Led_button
Added Member To Class: ClassName=DrumPad Member=Component SB? Led_button
Added Member To Class: ClassName=DrumPad Member=Component SB? Led_button
Added Member To Class: ClassName=DrumPad Member=Component SB? Led_button
Added Member To Class: ClassName=DrumPad Member=Component SB? Led_button
Added Member To Class: ClassName=DrumPad Member=Component SB? Led_button
Added Member To Class: ClassName=DrumPad Member=Component SB? Led_button
Added Member To Class: ClassName=DrumPad Member=Component SB? Led_button
Added Member To Class: ClassName=DrumPad Member=Component SB? Led_button
Added Member To Class: ClassName=DrumPad Member=Component SB? Led_button
Added Member To Class: ClassName=DrumPad Member=Component SB? Led_button
Added Member To Class: ClassName=DrumPad Member=Component SB? Led_button
Added Member To Class: ClassName=DrumPad Member=Component SB? Led_button
Added Member To Class: ClassName=DrumPad Member=Component SB? Led_button
Added Member To Class: ClassName=DrumPad Member=Component SB? Led_button
Added Member To Class: ClassName=DrumPad Member=Component SB? Led_button
Added Member To Class: ClassName=DrumPad Member=Component SB? Led_button
Added Member To Class: ClassName=DrumPad Member=Component SB? Led_button
Added Member To Class: ClassName=DrumPad Member=Component SB? Led_button
Added Member To Class: ClassName=DrumPad Member=Component SB? Led_button
Added Member To Class: ClassName=DrumPad Member=Component SB? Led_button
Added Member To Class: ClassName=DrumPad Member=Component SB? Led_button
Added Member To Class: ClassName=DrumPad Member=Component SB? Led_button
Added Member To Class: ClassName=DrumPad Member=Component SB? Led_button
Added Member To Class: ClassName=DrumPad Member=Component SB? Led_button
Added Member To Class: ClassName=DrumPad Member=Component SB? Led_button
Added Member To Class: ClassName=DrumPad Member=Component SB? Led_button
Added Member To Class: ClassName=DrumPad Member=Component SB? Led_button
Added Member To Class: ClassName=DrumPad Member=Component SB? Led_button
Added Member To Class: ClassName=DrumPad Member=Component SB? Led_button
Added Member To Class: ClassName=DrumPad Member=Component VD? BAT54
Added Member To Class: ClassName=DrumPad Member=Component VD? BAT54
Added Member To Class: ClassName=DrumPad Member=Component VD? BAT54
Added Member To Class: ClassName=DrumPad Member=Component VD? BAT54
Added Member To Class: ClassName=DrumPad Member=Component VD? BAT54
Added Member To Class: ClassName=DrumPad Member=Component VD? BAT54
Added Member To Class: ClassName=DrumPad Member=Component VD? BAT54
Added Member To Class: ClassName=DrumPad Member=Component VD? BAT54
Added Member To Class: ClassName=DrumPad Member=Component VD? BAT54
Added Member To Class: ClassName=DrumPad Member=Component VD? BAT54
Added Member To Class: ClassName=DrumPad Member=Component VD? BAT54
Added Member To Class: ClassName=DrumPad Member=Component VD? BAT54
Added Member To Class: ClassName=DrumPad Member=Component VD? BAT54
Added Member To Class: ClassName=DrumPad Member=Component VD? BAT54
Added Member To Class: ClassName=DrumPad Member=Component VD? BAT54
Added Member To Class: ClassName=DrumPad Member=Component VD? BAT54
Added Member To Class: ClassName=DrumPad Member=Component VD? BAT54
Added Member To Class: ClassName=DrumPad Member=Component VD? BAT54
Added Member To Class: ClassName=DrumPad Member=Component VD? BAT54
Added Member To Class: ClassName=DrumPad Member=Component VD? BAT54
Added Member To Class: ClassName=DrumPad Member=Component VD? BAT54
Added Member To Class: ClassName=DrumPad Member=Component VD? BAT54
Added Member To Class: ClassName=DrumPad Member=Component VD? BAT54
Added Member To Class: ClassName=DrumPad Member=Component VD? BAT54
Added Member To Class: ClassName=DrumPad Member=Component VD? BAT54
Added Member To Class: ClassName=DrumPad Member=Component VD? BAT54
Added Member To Class: ClassName=DrumPad Member=Component VD? BAT54
Added Member To Class: ClassName=DrumPad Member=Component VD? BAT54
Added Member To Class: ClassName=DrumPad Member=Component VD? BAT54
Added Member To Class: ClassName=DrumPad Member=Component VD? BAT54
Added Member To Class: ClassName=DrumPad Member=Component VD? BAT54
Added Member To Class: ClassName=DrumPad Member=Component VD? BAT54
Added Member To Class: ClassName=DrumPad Member=Component VD? BAT54
Added Member To Class: ClassName=DrumPad Member=Component VD? BAT54
Added Member To Class: ClassName=DrumPad Member=Component VD? BAT54
Added Member To Class: ClassName=DrumPad Member=Component VD? BAT54
