Removed Pin From Net: NetName=ENC_A Pin=R3-1
Removed Pin From Net: NetName=NetBR1_A1 Pin=R3-2
Removed Member From Class: ClassName=DrumPad Member=C41
Removed Member From Class: ClassName=DrumPad Member=C45
Removed Member From Class: ClassName=DrumPad Member=C48
Removed Member From Class: ClassName=DrumPad Member=R39
Removed Member From Class: ClassName=DrumPad Member=R40
Removed Member From Class: ClassName=DrumPad Member=R43
Change Component Designator: OldDesignator=C1 NewDesignator=C2
Change Component Designator: OldDesignator=C2 NewDesignator=C3
Change Component Designator: OldDesignator=C3 NewDesignator=C1
Change Component Designator: OldDesignator=C4 NewDesignator=C14
Change Component Designator: OldDesignator=C5 NewDesignator=C20
Change Component Designator: OldDesignator=C6 NewDesignator=C21
Change Component Designator: OldDesignator=C7 NewDesignator=C25
Change Component Designator: OldDesignator=C8 NewDesignator=C28
Change Component Designator: OldDesignator=C9 NewDesignator=C29
Change Component Designator: OldDesignator=C10 NewDesignator=C30
Change Component Designator: OldDesignator=C27 NewDesignator=C4
Change Component Designator: OldDesignator=C29 NewDesignator=C23
Change Component Designator: OldDesignator=C29 NewDesignator=C26
Change Component Designator: OldDesignator=C29 NewDesignator=C27
Change Component Designator: OldDesignator=C31 NewDesignator=C5
Change Component Designator: OldDesignator=C31 NewDesignator=C22
Change Component Designator: OldDesignator=C37 NewDesignator=C6
Change Component Designator: OldDesignator=C37 NewDesignator=C15
Change Component Designator: OldDesignator=C37 NewDesignator=C16
Change Component Designator: OldDesignator=C37 NewDesignator=C19
Change Component Designator: OldDesignator=C38 NewDesignator=C17
Change Component Designator: OldDesignator=C41 NewDesignator=C7
Change Component Designator: OldDesignator=C42 NewDesignator=C24
Change Component Designator: OldDesignator=C44 NewDesignator=C18
Change Component Designator: OldDesignator=C45 NewDesignator=C8
Change Component Designator: OldDesignator=C46 NewDesignator=C9
Change Component Designator: OldDesignator=C46 NewDesignator=C11
Change Component Designator: OldDesignator=C48 NewDesignator=C10
Change Component Designator: OldDesignator=C48 NewDesignator=C12
Change Component Designator: OldDesignator=C51 NewDesignator=C13
Change Component Designator: OldDesignator=L1 NewDesignator=L2
Change Component Designator: OldDesignator=L2 NewDesignator=L1
Change Component Designator: OldDesignator=R1 NewDesignator=R7
Change Component Designator: OldDesignator=R2 NewDesignator=R8
Change Component Designator: OldDesignator=R4 NewDesignator=R9
Change Component Designator: OldDesignator=R5 NewDesignator=R1
Change Component Designator: OldDesignator=R5 NewDesignator=R2
Change Component Designator: OldDesignator=R5 NewDesignator=R3
Change Component Designator: OldDesignator=R5 NewDesignator=R4
Change Component Designator: OldDesignator=R5 NewDesignator=R25
Change Component Designator: OldDesignator=R6 NewDesignator=R10
Change Component Designator: OldDesignator=R7 NewDesignator=R20
Change Component Designator: OldDesignator=R8 NewDesignator=R22
Change Component Designator: OldDesignator=R9 NewDesignator=R23
Change Component Designator: OldDesignator=R10 NewDesignator=R24
Change Component Designator: OldDesignator=R11 NewDesignator=R27
Change Component Designator: OldDesignator=R12 NewDesignator=R28
Change Component Designator: OldDesignator=R13 NewDesignator=R29
Change Component Designator: OldDesignator=R39 NewDesignator=R5
Change Component Designator: OldDesignator=R40 NewDesignator=R6
Change Component Designator: OldDesignator=R43 NewDesignator=R11
Change Component Designator: OldDesignator=R43 NewDesignator=R12
Change Component Designator: OldDesignator=R43 NewDesignator=R13
Change Component Designator: OldDesignator=R43 NewDesignator=R14
Change Component Designator: OldDesignator=R43 NewDesignator=R15
Added Component: Designator=R16(R_0603_Manual_mount)
Add component (AddParameter): Name = "Manufacturer"; Value = "YAGEO"; VariantName = "[No Variations]"
Add component (AddParameter): Name = "Power dissitipation"; Value = "0,1 Вт"; VariantName = "[No Variations]"
Add component (AddParameter): Name = "Size"; Value = "0603"; VariantName = "[No Variations]"
Add component (AddParameter): Name = "Temperature coefficient"; Value = "±100 ppm/°C"; VariantName = "[No Variations]"
Add component (AddParameter): Name = "Temperature range"; Value = "-55 ... 155 °C"; VariantName = "[No Variations]"
Add component (AddParameter): Name = "Tolerance"; Value = "5 %"; VariantName = "[No Variations]"
Add component (AddParameter): Name = "Type"; Value = "Резистор постоянный"; VariantName = "[No Variations]"
Add component (AddParameter): Name = "Value"; Value = "10 к"; VariantName = "[No Variations]"
Added Component: Designator=R17(R_0603_Manual_mount)
Add component (AddParameter): Name = "Manufacturer"; Value = "YAGEO"; VariantName = "[No Variations]"
Add component (AddParameter): Name = "Power dissitipation"; Value = "0,1 Вт"; VariantName = "[No Variations]"
Add component (AddParameter): Name = "Size"; Value = "0603"; VariantName = "[No Variations]"
Add component (AddParameter): Name = "Temperature coefficient"; Value = "±100 ppm/°C"; VariantName = "[No Variations]"
Add component (AddParameter): Name = "Temperature range"; Value = "-55 ... 155 °C"; VariantName = "[No Variations]"
Add component (AddParameter): Name = "Tolerance"; Value = "5 %"; VariantName = "[No Variations]"
Add component (AddParameter): Name = "Type"; Value = "Резистор постоянный"; VariantName = "[No Variations]"
Add component (AddParameter): Name = "Value"; Value = "10 к"; VariantName = "[No Variations]"
Added Component: Designator=R18(R_0603_Manual_mount)
Add component (AddParameter): Name = "Manufacturer"; Value = "YAGEO"; VariantName = "[No Variations]"
Add component (AddParameter): Name = "Power dissitipation"; Value = "0,1 Вт"; VariantName = "[No Variations]"
Add component (AddParameter): Name = "Size"; Value = "0603"; VariantName = "[No Variations]"
Add component (AddParameter): Name = "Temperature coefficient"; Value = "±100 ppm/°C"; VariantName = "[No Variations]"
Add component (AddParameter): Name = "Temperature range"; Value = "-55 ... 155 °C"; VariantName = "[No Variations]"
Add component (AddParameter): Name = "Tolerance"; Value = "5 %"; VariantName = "[No Variations]"
Add component (AddParameter): Name = "Type"; Value = "Резистор постоянный"; VariantName = "[No Variations]"
Add component (AddParameter): Name = "Value"; Value = "10 к"; VariantName = "[No Variations]"
Added Component: Designator=R19(R_0603_Manual_mount)
Add component (AddParameter): Name = "Manufacturer"; Value = "YAGEO"; VariantName = "[No Variations]"
Add component (AddParameter): Name = "Power dissitipation"; Value = "0,1 Вт"; VariantName = "[No Variations]"
Add component (AddParameter): Name = "Size"; Value = "0603"; VariantName = "[No Variations]"
Add component (AddParameter): Name = "Temperature coefficient"; Value = "±100 ppm/°C"; VariantName = "[No Variations]"
Add component (AddParameter): Name = "Temperature range"; Value = "-55 ... 155 °C"; VariantName = "[No Variations]"
Add component (AddParameter): Name = "Tolerance"; Value = "5 %"; VariantName = "[No Variations]"
Add component (AddParameter): Name = "Type"; Value = "Резистор постоянный"; VariantName = "[No Variations]"
Add component (AddParameter): Name = "Value"; Value = "10 к"; VariantName = "[No Variations]"
Added Component: Designator=R21(R_0603_Manual_mount)
Add component (AddParameter): Name = "Manufacturer"; Value = "YAGEO"; VariantName = "[No Variations]"
Add component (AddParameter): Name = "Power dissitipation"; Value = "0,1 Вт"; VariantName = "[No Variations]"
Add component (AddParameter): Name = "Size"; Value = "0603"; VariantName = "[No Variations]"
Add component (AddParameter): Name = "Temperature coefficient"; Value = "±100 ppm/°C"; VariantName = "[No Variations]"
Add component (AddParameter): Name = "Temperature range"; Value = "-55 ... 155 °C"; VariantName = "[No Variations]"
Add component (AddParameter): Name = "Tolerance"; Value = "5 %"; VariantName = "[No Variations]"
Add component (AddParameter): Name = "Type"; Value = "Резистор постоянный"; VariantName = "[No Variations]"
Add component (AddParameter): Name = "Value"; Value = "10 к"; VariantName = "[No Variations]"
Added Component: Designator=R26(R_0603_Manual_mount)
Add component (AddParameter): Name = "Manufacturer"; Value = "YAGEO"; VariantName = "[No Variations]"
Add component (AddParameter): Name = "Power dissitipation"; Value = "0,1 Вт"; VariantName = "[No Variations]"
Add component (AddParameter): Name = "Size"; Value = "0603"; VariantName = "[No Variations]"
Add component (AddParameter): Name = "Temperature coefficient"; Value = "±100 ppm/°C"; VariantName = "[No Variations]"
Add component (AddParameter): Name = "Temperature range"; Value = "-55 ... 155 °C"; VariantName = "[No Variations]"
Add component (AddParameter): Name = "Tolerance"; Value = "5 %"; VariantName = "[No Variations]"
Add component (AddParameter): Name = "Type"; Value = "Резистор постоянный"; VariantName = "[No Variations]"
Add component (AddParameter): Name = "Value"; Value = "10 к"; VariantName = "[No Variations]"
Added Pin To Net: NetName=VCC3V3 Pin=R16-1
Added Pin To Net: NetName=NetBR1_A1 Pin=R16-2
Added Pin To Net: NetName=VCC3V3 Pin=R17-1
Added Pin To Net: NetName=NetBR1_B1 Pin=R17-2
Added Pin To Net: NetName=VCC3V3 Pin=R18-1
Added Pin To Net: NetName=NetBR1_2 Pin=R18-2
Added Pin To Net: NetName=ENC_A Pin=R19-1
Added Pin To Net: NetName=NetBR1_A1 Pin=R19-2
Added Pin To Net: NetName=ENC_B Pin=R21-1
Added Pin To Net: NetName=NetBR1_B1 Pin=R21-2
Added Pin To Net: NetName=ENC_PUSHBUT Pin=R26-1
Added Pin To Net: NetName=NetBR1_2 Pin=R26-2
Change Net Name : Old Net Name=NetC2_1 New Net Name=NetC3_1
Change Net Name : Old Net Name=NetC4_1 New Net Name=NetC14_1
Change Net Name : Old Net Name=NetC5_1 New Net Name=NetC20_1
Change Net Name : Old Net Name=NetC6_1 New Net Name=NetC21_1
Change Net Name : Old Net Name=NetC27_1 New Net Name=NetC4_1
Change Net Name : Old Net Name=NetC37_2 New Net Name=NetC16_2
Change Net Name : Old Net Name=NetC38_1 New Net Name=NetC17_1
Change Net Name : Old Net Name=NetC44_1 New Net Name=NetC18_1
Change Net Name : Old Net Name=NetR5_1 New Net Name=NetR25_1
Change Net Name : Old Net Name=NetR5_2 New Net Name=NetR25_2
Change Net Name : Old Net Name=NetR7_1 New Net Name=NetR20_1
Change Net Name : Old Net Name=NetR10_1 New Net Name=NetR24_1
Change Net Name : Old Net Name=NetR10_2 New Net Name=NetR24_2
Added Pin To Net: NetName=NetC15_2 Pin=C15-2
Added Pin To Net: NetName=NetC15_2 Pin=R9-2
Added Net: Name=NetC15_2
Added Member To Class: ClassName=DrumPad Member=Component C9 CC0603KRX7R9BB104
Added Member To Class: ClassName=DrumPad Member=Component C12 CC0603KRX7R9BB104
Added Member To Class: ClassName=DrumPad Member=Component C14 T495D477K006ATE100
Added Member To Class: ClassName=DrumPad Member=Component C15 CC0603KRX7R9BB104
Added Member To Class: ClassName=DrumPad Member=Component C19 CC0603KRX7R9BB104
Added Member To Class: ClassName=DrumPad Member=Component C20 TR3C107K010C0100
Added Member To Class: ClassName=DrumPad Member=Component C21 TR3C107K010C0100
Added Member To Class: ClassName=DrumPad Member=Component C25 CC1210KRX5R5BB476
Added Member To Class: ClassName=DrumPad Member=Component C26 CC0603KRX7R9BB104
Added Member To Class: ClassName=DrumPad Member=Component C28 CC0603KRX7R8BB103
Added Member To Class: ClassName=DrumPad Member=Component C29 CC0603KRX7R8BB103
Added Member To Class: ClassName=DrumPad Member=Component C30 CC0603KRX7R8BB103
Added Member To Class: ClassName=DrumPad Member=Component DA3 TPS630250
Added Member To Class: ClassName=DrumPad Member=Component R11 RC0603FR-074K7L
Added Member To Class: ClassName=DrumPad Member=Component R14 RC0603FR-074K7L
Added Member To Class: ClassName=DrumPad Member=Component R15 RC0603FR-074K7L
Added Member To Class: ClassName=DrumPad Member=Component R16 RC0603JR-0710KL
Added Member To Class: ClassName=DrumPad Member=Component R17 RC0603JR-0710KL
Added Member To Class: ClassName=DrumPad Member=Component R18 RC0603JR-0710KL
Added Member To Class: ClassName=DrumPad Member=Component R19 RC0603JR-0710KL
Added Member To Class: ClassName=DrumPad Member=Component R20 RC0603JR-07100KL
Added Member To Class: ClassName=DrumPad Member=Component R21 RC0603JR-0710KL
Added Member To Class: ClassName=DrumPad Member=Component R22 RC0603JR-07560KL
Added Member To Class: ClassName=DrumPad Member=Component R23 RC0603JR-07100KL
Added Member To Class: ClassName=DrumPad Member=Component R24 RC0603JR-0710KL
Added Member To Class: ClassName=DrumPad Member=Component R25 RC0603JR-07330RL
Added Member To Class: ClassName=DrumPad Member=Component R26 RC0603JR-0710KL
Added Member To Class: ClassName=DrumPad Member=Component R27 RC0603JR-07100KL
Added Member To Class: ClassName=DrumPad Member=Component R28 RC0603JR-07100KL
Added Member To Class: ClassName=DrumPad Member=Component R29 RC0603FR-07180KL
Added Member To Class: ClassName=DrumPad Member=Component SB28 Led_button
Added Member To Class: ClassName=DrumPad Member=Component VD16 BAT54
