Added Component: Designator=R43(R_0603_Manual_mount)
Add component (AddParameter): Name = "Manufacturer"; Value = "YAGEO"; VariantName = "[No Variations]"
Add component (AddParameter): Name = "Part Number"; Value = "RC0603FR-074K7L"; VariantName = "[No Variations]"
Add component (AddParameter): Name = "Power dissipation"; Value = "0,1 Вт"; VariantName = "[No Variations]"
Add component (AddParameter): Name = "Size"; Value = "0603"; VariantName = "[No Variations]"
Add component (AddParameter): Name = "Temperature coefficient"; Value = "±100 ppm/°C"; VariantName = "[No Variations]"
Add component (AddParameter): Name = "Temperature range"; Value = "-55 ... 155 °C"; VariantName = "[No Variations]"
Add component (AddParameter): Name = "Tolerance"; Value = "1 %"; VariantName = "[No Variations]"
Add component (AddParameter): Name = "Type"; Value = "Резистор постоянный"; VariantName = "[No Variations]"
Add component (AddParameter): Name = "Value"; Value = "4,7 к"; VariantName = "[No Variations]"
Added Component: Designator=R43(R_0603_Manual_mount)
Add component (AddParameter): Name = "Manufacturer"; Value = "YAGEO"; VariantName = "[No Variations]"
Add component (AddParameter): Name = "Part Number"; Value = "RC0603FR-074K7L"; VariantName = "[No Variations]"
Add component (AddParameter): Name = "Power dissipation"; Value = "0,1 Вт"; VariantName = "[No Variations]"
Add component (AddParameter): Name = "Size"; Value = "0603"; VariantName = "[No Variations]"
Add component (AddParameter): Name = "Temperature coefficient"; Value = "±100 ppm/°C"; VariantName = "[No Variations]"
Add component (AddParameter): Name = "Temperature range"; Value = "-55 ... 155 °C"; VariantName = "[No Variations]"
Add component (AddParameter): Name = "Tolerance"; Value = "1 %"; VariantName = "[No Variations]"
Add component (AddParameter): Name = "Type"; Value = "Резистор постоянный"; VariantName = "[No Variations]"
Add component (AddParameter): Name = "Value"; Value = "4,7 к"; VariantName = "[No Variations]"
Added Component: Designator=R43(R_0603_Manual_mount)
Add component (AddParameter): Name = "Manufacturer"; Value = "YAGEO"; VariantName = "[No Variations]"
Add component (AddParameter): Name = "Part Number"; Value = "RC0603FR-074K7L"; VariantName = "[No Variations]"
Add component (AddParameter): Name = "Power dissipation"; Value = "0,1 Вт"; VariantName = "[No Variations]"
Add component (AddParameter): Name = "Size"; Value = "0603"; VariantName = "[No Variations]"
Add component (AddParameter): Name = "Temperature coefficient"; Value = "±100 ppm/°C"; VariantName = "[No Variations]"
Add component (AddParameter): Name = "Temperature range"; Value = "-55 ... 155 °C"; VariantName = "[No Variations]"
Add component (AddParameter): Name = "Tolerance"; Value = "1 %"; VariantName = "[No Variations]"
Add component (AddParameter): Name = "Type"; Value = "Резистор постоянный"; VariantName = "[No Variations]"
Add component (AddParameter): Name = "Value"; Value = "4,7 к"; VariantName = "[No Variations]"
Added Component: Designator=R43(R_0603_Manual_mount)
Add component (AddParameter): Name = "Manufacturer"; Value = "YAGEO"; VariantName = "[No Variations]"
Add component (AddParameter): Name = "Part Number"; Value = "RC0603FR-074K7L"; VariantName = "[No Variations]"
Add component (AddParameter): Name = "Power dissipation"; Value = "0,1 Вт"; VariantName = "[No Variations]"
Add component (AddParameter): Name = "Size"; Value = "0603"; VariantName = "[No Variations]"
Add component (AddParameter): Name = "Temperature coefficient"; Value = "±100 ppm/°C"; VariantName = "[No Variations]"
Add component (AddParameter): Name = "Temperature range"; Value = "-55 ... 155 °C"; VariantName = "[No Variations]"
Add component (AddParameter): Name = "Tolerance"; Value = "1 %"; VariantName = "[No Variations]"
Add component (AddParameter): Name = "Type"; Value = "Резистор постоянный"; VariantName = "[No Variations]"
Add component (AddParameter): Name = "Value"; Value = "4,7 к"; VariantName = "[No Variations]"
Added Component: Designator=R43(R_0603_Manual_mount)
Add component (AddParameter): Name = "Manufacturer"; Value = "YAGEO"; VariantName = "[No Variations]"
Add component (AddParameter): Name = "Part Number"; Value = "RC0603FR-074K7L"; VariantName = "[No Variations]"
Add component (AddParameter): Name = "Power dissipation"; Value = "0,1 Вт"; VariantName = "[No Variations]"
Add component (AddParameter): Name = "Size"; Value = "0603"; VariantName = "[No Variations]"
Add component (AddParameter): Name = "Temperature coefficient"; Value = "±100 ppm/°C"; VariantName = "[No Variations]"
Add component (AddParameter): Name = "Temperature range"; Value = "-55 ... 155 °C"; VariantName = "[No Variations]"
Add component (AddParameter): Name = "Tolerance"; Value = "1 %"; VariantName = "[No Variations]"
Add component (AddParameter): Name = "Type"; Value = "Резистор постоянный"; VariantName = "[No Variations]"
Add component (AddParameter): Name = "Value"; Value = "4,7 к"; VariantName = "[No Variations]"
Added Pin To Net: NetName=SDIO_CMD Pin=R43-1
Added Pin To Net: NetName=SDIO_D0 Pin=R43-1
Added Pin To Net: NetName=SDIO_D1 Pin=R43-1
Added Pin To Net: NetName=SDIO_D2 Pin=R43-1
Added Pin To Net: NetName=SDIO_D3 Pin=R43-1
Added Pin To Net: NetName=3V3 Pin=R43-2
Added Pin To Net: NetName=3V3 Pin=R43-2
Added Pin To Net: NetName=3V3 Pin=R43-2
Added Pin To Net: NetName=3V3 Pin=R43-2
Added Pin To Net: NetName=3V3 Pin=R43-2
Added Member To Class: ClassName=DrumPad Member=Component C46 CC0603KRX7R9BB104
Added Member To Class: ClassName=DrumPad Member=Component C48 CC0603KRX7R9BB104
Added Member To Class: ClassName=DrumPad Member=Component DA? MAX1555EZK
Added Member To Class: ClassName=DrumPad Member=Component R43 RC0603FR-074K7L
Added Member To Class: ClassName=DrumPad Member=Component R43 RC0603FR-074K7L
Added Member To Class: ClassName=DrumPad Member=Component R43 RC0603FR-074K7L
Added Member To Class: ClassName=DrumPad Member=Component R43 RC0603FR-074K7L
Added Member To Class: ClassName=DrumPad Member=Component R43 RC0603FR-074K7L
Added Member To Class: ClassName=DrumPad Member=Component SB? Led_button
Added Member To Class: ClassName=DrumPad Member=Component SB? Led_button
Added Member To Class: ClassName=DrumPad Member=Component SB? Led_button
Added Member To Class: ClassName=DrumPad Member=Component SB? Led_button
Added Member To Class: ClassName=DrumPad Member=Component SB? Led_button
Added Member To Class: ClassName=DrumPad Member=Component SB? Led_button
Added Member To Class: ClassName=DrumPad Member=Component SB? Led_button
Added Member To Class: ClassName=DrumPad Member=Component SB? Led_button
Added Member To Class: ClassName=DrumPad Member=Component SB? Led_button
Added Member To Class: ClassName=DrumPad Member=Component SB? Led_button
Added Member To Class: ClassName=DrumPad Member=Component SB? Led_button
Added Member To Class: ClassName=DrumPad Member=Component SB? Led_button
Added Member To Class: ClassName=DrumPad Member=Component SB? Led_button
Added Member To Class: ClassName=DrumPad Member=Component SB? Led_button
Added Member To Class: ClassName=DrumPad Member=Component SB? Led_button
Added Member To Class: ClassName=DrumPad Member=Component SB? Led_button
Added Member To Class: ClassName=DrumPad Member=Component SB? Led_button
Added Member To Class: ClassName=DrumPad Member=Component SB? Led_button
Added Member To Class: ClassName=DrumPad Member=Component SB? Led_button
Added Member To Class: ClassName=DrumPad Member=Component SB? Led_button
Added Member To Class: ClassName=DrumPad Member=Component SB? Led_button
Added Member To Class: ClassName=DrumPad Member=Component SB? Led_button
Added Member To Class: ClassName=DrumPad Member=Component SB? Led_button
Added Member To Class: ClassName=DrumPad Member=Component SB? Led_button
Added Member To Class: ClassName=DrumPad Member=Component SB? Led_button
Added Member To Class: ClassName=DrumPad Member=Component SB? Led_button
Added Member To Class: ClassName=DrumPad Member=Component SB? Led_button
Added Member To Class: ClassName=DrumPad Member=Component SB? Led_button
Added Member To Class: ClassName=DrumPad Member=Component SB? Led_button
Added Member To Class: ClassName=DrumPad Member=Component SB? Led_button
Added Member To Class: ClassName=DrumPad Member=Component SB? Led_button
